0 info it worked if it ends with ok
1 verbose cli [ '/usr/bin/node', '/usr/bin/npm', '-g', 'install', 'js-beautify' ]
2 info using npm@1.4.28
3 info using node@v0.10.36
4 verbose node symlink /usr/bin/node
5 verbose cache add [ 'js-beautify', null ]
6 verbose cache add name=undefined spec="js-beautify" args=["js-beautify",null]
7 verbose parsed url { protocol: null,
7 verbose parsed url   slashes: null,
7 verbose parsed url   auth: null,
7 verbose parsed url   host: null,
7 verbose parsed url   port: null,
7 verbose parsed url   hostname: null,
7 verbose parsed url   hash: null,
7 verbose parsed url   search: null,
7 verbose parsed url   query: null,
7 verbose parsed url   pathname: 'js-beautify',
7 verbose parsed url   path: 'js-beautify',
7 verbose parsed url   href: 'js-beautify' }
8 silly lockFile 63edee9b-js-beautify js-beautify
9 verbose lock js-beautify /home/lee/.npm/63edee9b-js-beautify.lock
10 silly lockFile 63edee9b-js-beautify js-beautify
11 silly lockFile 63edee9b-js-beautify js-beautify
12 verbose addNamed [ 'js-beautify', '' ]
13 verbose addNamed [ null, '*' ]
14 silly lockFile dc1a2a6d-js-beautify js-beautify@
15 verbose lock js-beautify@ /home/lee/.npm/dc1a2a6d-js-beautify.lock
16 silly addNameRange { name: 'js-beautify', range: '*', hasData: false }
17 verbose request where is /js-beautify
18 verbose request registry https://registry.npmjs.org/
19 verbose request id 348aa286677b3a76
20 verbose url raw /js-beautify
21 verbose url resolving [ 'https://registry.npmjs.org/', './js-beautify' ]
22 verbose url resolved https://registry.npmjs.org/js-beautify
23 verbose request where is https://registry.npmjs.org/js-beautify
24 info trying registry request attempt 1 at 15:40:08
25 http GET https://registry.npmjs.org/js-beautify
26 http 200 https://registry.npmjs.org/js-beautify
27 silly registry.get cb [ 200,
27 silly registry.get   { date: 'Sun, 15 Feb 2015 13:40:07 GMT',
27 silly registry.get     server: 'CouchDB/1.5.0 (Erlang OTP/R16B03)',
27 silly registry.get     etag: '"2Y6LEMOTYNF6RLXKJ658VV3VV"',
27 silly registry.get     'content-type': 'application/json',
27 silly registry.get     'cache-control': 'max-age=60',
27 silly registry.get     'content-length': '64485',
27 silly registry.get     'accept-ranges': 'bytes',
27 silly registry.get     via: '1.1 varnish',
27 silly registry.get     age: '31',
27 silly registry.get     'x-served-by': 'cache-lhr6323-LHR',
27 silly registry.get     'x-cache': 'HIT',
27 silly registry.get     'x-cache-hits': '1',
27 silly registry.get     'x-timer': 'S1424007607.541361,VS0,VE1',
27 silly registry.get     vary: 'Accept',
27 silly registry.get     'keep-alive': 'timeout=10, max=50',
27 silly registry.get     connection: 'Keep-Alive' } ]
28 silly addNameRange number 2 { name: 'js-beautify', range: '*', hasData: true }
29 silly addNameRange versions [ 'js-beautify',
29 silly addNameRange   [ '0.1.8',
29 silly addNameRange     '0.2.0',
29 silly addNameRange     '0.2.1',
29 silly addNameRange     '0.2.2',
29 silly addNameRange     '0.2.3',
29 silly addNameRange     '0.2.4',
29 silly addNameRange     '0.3.0',
29 silly addNameRange     '0.3.1',
29 silly addNameRange     '0.3.2',
29 silly addNameRange     '0.3.3',
29 silly addNameRange     '0.3.4',
29 silly addNameRange     '0.3.5',
29 silly addNameRange     '0.3.6',
29 silly addNameRange     '0.3.7',
29 silly addNameRange     '0.3.8',
29 silly addNameRange     '0.3.9',
29 silly addNameRange     '0.4.0',
29 silly addNameRange     '0.4.1',
29 silly addNameRange     '0.4.2',
29 silly addNameRange     '1.2.0',
29 silly addNameRange     '1.3.0',
29 silly addNameRange     '1.3.1',
29 silly addNameRange     '1.3.2',
29 silly addNameRange     '1.3.3',
29 silly addNameRange     '1.3.4',
29 silly addNameRange     '1.4.0',
29 silly addNameRange     '1.4.1',
29 silly addNameRange     '1.4.2',
29 silly addNameRange     '1.5.1',
29 silly addNameRange     '1.5.2',
29 silly addNameRange     '1.5.3',
29 silly addNameRange     '1.5.4' ] ]
30 verbose addNamed [ 'js-beautify', '1.5.4' ]
31 verbose addNamed [ '1.5.4', '1.5.4' ]
32 silly lockFile 4d1d934b-js-beautify-1-5-4 js-beautify@1.5.4
33 verbose lock js-beautify@1.5.4 /home/lee/.npm/4d1d934b-js-beautify-1-5-4.lock
34 silly lockFile b694f439-s-beautify-js-beautify-1-5-4-tgz https://registry.npmjs.org/js-beautify/-/js-beautify-1.5.4.tgz
35 verbose lock https://registry.npmjs.org/js-beautify/-/js-beautify-1.5.4.tgz /home/lee/.npm/b694f439-s-beautify-js-beautify-1-5-4-tgz.lock
36 verbose addRemoteTarball [ 'https://registry.npmjs.org/js-beautify/-/js-beautify-1.5.4.tgz',
36 verbose addRemoteTarball   '5b5abe634aa675713ed2ab2edc200d93555a07bd' ]
37 info retry fetch attempt 1 at 15:40:09
38 verbose fetch to= /tmp/npm-23405-vZeD0ziU/registry.npmjs.org/js-beautify/-/js-beautify-1.5.4.tgz
39 http GET https://registry.npmjs.org/js-beautify/-/js-beautify-1.5.4.tgz
40 http 200 https://registry.npmjs.org/js-beautify/-/js-beautify-1.5.4.tgz
41 silly lockFile b694f439-s-beautify-js-beautify-1-5-4-tgz https://registry.npmjs.org/js-beautify/-/js-beautify-1.5.4.tgz
42 silly lockFile b694f439-s-beautify-js-beautify-1-5-4-tgz https://registry.npmjs.org/js-beautify/-/js-beautify-1.5.4.tgz
43 silly lockFile 4d1d934b-js-beautify-1-5-4 js-beautify@1.5.4
44 silly lockFile 4d1d934b-js-beautify-1-5-4 js-beautify@1.5.4
45 silly lockFile dc1a2a6d-js-beautify js-beautify@
46 silly lockFile dc1a2a6d-js-beautify js-beautify@
47 silly resolved [ { name: 'js-beautify',
47 silly resolved     version: '1.5.4',
47 silly resolved     description: 'jsbeautifier.org for node',
47 silly resolved     main: 'js/index.js',
47 silly resolved     preferGlobal: true,
47 silly resolved     bin:
47 silly resolved      { 'css-beautify': './js/bin/css-beautify.js',
47 silly resolved        'html-beautify': './js/bin/html-beautify.js',
47 silly resolved        'js-beautify': './js/bin/js-beautify.js' },
47 silly resolved     directories: { lib: 'js/lib', test: 'js/test' },
47 silly resolved     scripts:
47 silly resolved      { test: './js/test/shell-smoke-test.sh',
47 silly resolved        'update-codemirror': 'npm install codemirror && rm -rf ./web/third-party/codemirror/* && cp ./node_modules/codemirror/LICENSE ./web/third-party/codemirror/ && cp ./node_modules/codemirror/README.md ./web/third-party/codemirror/ && cp -r ./node_modules/codemirror/lib ./web/third-party/codemirror/ && mkdir -p ./web/third-party/codemirror/mode && cp -r ./node_modules/codemirror/mode/javascript ./web/third-party/codemirror/mode/ && git add -Av ./web/third-party/codemirror' },
47 silly resolved     bugs: { url: 'https://github.com/beautify-web/js-beautify/issues' },
47 silly resolved     homepage: 'http://jsbeautifier.org/',
47 silly resolved     repository:
47 silly resolved      { type: 'git',
47 silly resolved        url: 'git://github.com/beautify-web/js-beautify.git' },
47 silly resolved     keywords: [ 'beautify', 'beautifier', 'code-quality' ],
47 silly resolved     author: { name: 'Einar Lielmanis', email: 'einar@jsbeautifier.org' },
47 silly resolved     contributors:
47 silly resolved      [ [Object],
47 silly resolved        [Object],
47 silly resolved        [Object],
47 silly resolved        [Object],
47 silly resolved        [Object],
47 silly resolved        [Object],
47 silly resolved        [Object],
47 silly resolved        [Object],
47 silly resolved        [Object] ],
47 silly resolved     license: 'MIT',
47 silly resolved     dependencies: { 'config-chain': '~1.1.5', mkdirp: '~0.5.0', nopt: '~3.0.1' },
47 silly resolved     devDependencies:
47 silly resolved      { jshint: '~2.5.6',
47 silly resolved        'node-static': '~0.7.1',
47 silly resolved        requirejs: '2.1.x',
47 silly resolved        benchmark: '1.0.0' },
47 silly resolved     gitHead: '81c5c525d0050cb2753886846b3cae769fc7ce36',
47 silly resolved     _id: 'js-beautify@1.5.4',
47 silly resolved     _shasum: '5b5abe634aa675713ed2ab2edc200d93555a07bd',
47 silly resolved     _from: 'js-beautify@',
47 silly resolved     _npmVersion: '2.0.2',
47 silly resolved     _nodeVersion: '0.10.32',
47 silly resolved     _npmUser: { name: 'bitwiseman', email: 'bitwiseman@gmail.com' },
47 silly resolved     maintainers: [ [Object], [Object] ],
47 silly resolved     dist:
47 silly resolved      { shasum: '5b5abe634aa675713ed2ab2edc200d93555a07bd',
47 silly resolved        tarball: 'http://registry.npmjs.org/js-beautify/-/js-beautify-1.5.4.tgz' },
47 silly resolved     _resolved: 'https://registry.npmjs.org/js-beautify/-/js-beautify-1.5.4.tgz' } ]
48 info install js-beautify@1.5.4 into /usr/lib
49 info installOne js-beautify@1.5.4
50 verbose lib/node_modules/js-beautify unbuild
51 verbose tar unpack /home/lee/.npm/js-beautify/1.5.4/package.tgz
52 silly lockFile 26a2f6fa-usr-lib-node-modules-js-beautify tar:///usr/lib/node_modules/js-beautify
53 verbose lock tar:///usr/lib/node_modules/js-beautify /home/lee/.npm/26a2f6fa-usr-lib-node-modules-js-beautify.lock
54 silly lockFile a1c74356-pm-js-beautify-1-5-4-package-tgz tar:///home/lee/.npm/js-beautify/1.5.4/package.tgz
55 verbose lock tar:///home/lee/.npm/js-beautify/1.5.4/package.tgz /home/lee/.npm/a1c74356-pm-js-beautify-1-5-4-package-tgz.lock
56 silly gunzTarPerm modes [ '755', '644' ]
57 error Error: EACCES, mkdir '/usr/lib/node_modules/js-beautify'
57 error  { [Error: EACCES, mkdir '/usr/lib/node_modules/js-beautify']
57 error   errno: 3,
57 error   code: 'EACCES',
57 error   path: '/usr/lib/node_modules/js-beautify',
57 error   fstream_type: 'Directory',
57 error   fstream_path: '/usr/lib/node_modules/js-beautify',
57 error   fstream_class: 'DirWriter',
57 error   fstream_stack:
57 error    [ '/usr/lib/node_modules/npm/node_modules/fstream/lib/dir-writer.js:36:23',
57 error      '/usr/lib/node_modules/npm/node_modules/mkdirp/index.js:46:53',
57 error      'Object.oncomplete (fs.js:108:15)' ] }
58 error Please try running this command again as root/Administrator.
59 error System Linux 3.13.0-37-generic
60 error command "/usr/bin/node" "/usr/bin/npm" "-g" "install" "js-beautify"
61 error cwd /home/lee/Code/dotfiles
62 error node -v v0.10.36
63 error npm -v 1.4.28
64 error path /usr/lib/node_modules/js-beautify
65 error fstream_path /usr/lib/node_modules/js-beautify
66 error fstream_type Directory
67 error fstream_class DirWriter
68 error code EACCES
69 error errno 3
70 error stack Error: EACCES, mkdir '/usr/lib/node_modules/js-beautify'
71 error fstream_stack /usr/lib/node_modules/npm/node_modules/fstream/lib/dir-writer.js:36:23
71 error fstream_stack /usr/lib/node_modules/npm/node_modules/mkdirp/index.js:46:53
71 error fstream_stack Object.oncomplete (fs.js:108:15)
72 verbose exit [ 3, true ]
